!SESSION 2014-01-11 17:54:43.319 -----------------------------------------------
eclipse.buildId=unknown
java.version=1.6.0_65
java.vendor=Apple Inc.
BootLoader constants: OS=macosx, ARCH=x86_64, WS=cocoa, NL=de_DE
Framework arguments:  -product de.bht.fpa.mail.s123456.main.product
Command-line arguments:  -product de.bht.fpa.mail.s123456.main.product -data /Users/funkjaymatada/Beuth/FPA/fpa-eclipse-macosx-64/eclipse-workspace/../runtime-de.bht.fpa.mail.s123456.main.product -dev file:/Users/funkjaymatada/Beuth/FPA/fpa-eclipse-macosx-64/eclipse-workspace/.metadata/.plugins/org.eclipse.pde.core/de.bht.fpa.mail.s123456.main.product/dev.properties -os macosx -ws cocoa -arch x86_64 -consoleLog

!ENTRY org.eclipse.equinox.app 0 0 2014-01-11 17:54:44.295
!MESSAGE Product de.bht.fpa.mail.s123456.main.product could not be found.

!ENTRY org.eclipse.osgi 4 0 2014-01-11 17:54:44.325
!MESSAGE Application error
!STACK 1
java.lang.RuntimeException: No application id has been found.
	at org.eclipse.equinox.internal.app.EclipseAppContainer.startDefaultApp(EclipseAppContainer.java:242)
	at org.eclipse.equinox.internal.app.MainApplicationLauncher.run(MainApplicationLauncher.java:29)
	at org.eclipse.core.runtime.internal.adaptor.EclipseAppLauncher.runApplication(EclipseAppLauncher.java:110)
	at org.eclipse.core.runtime.internal.adaptor.EclipseAppLauncher.start(EclipseAppLauncher.java:79)
	at org.eclipse.core.runtime.adaptor.EclipseStarter.run(EclipseStarter.java:344)
	at org.eclipse.core.runtime.adaptor.EclipseStarter.run(EclipseStarter.java:179)
	at sun.reflect.NativeMethodAccessorImpl.invoke0(Native Method)
	at sun.reflect.NativeMethodAccessorImpl.invoke(NativeMethodAccessorImpl.java:39)
	at sun.reflect.DelegatingMethodAccessorImpl.invoke(DelegatingMethodAccessorImpl.java:25)
	at java.lang.reflect.Method.invoke(Method.java:597)
	at org.eclipse.equinox.launcher.Main.invokeFramework(Main.java:622)
	at org.eclipse.equinox.launcher.Main.basicRun(Main.java:577)
	at org.eclipse.equinox.launcher.Main.run(Main.java:1410)
	at org.eclipse.equinox.launcher.Main.main(Main.java:1386)
