!SESSION 2014-01-11 18:44:06.505 -----------------------------------------------
eclipse.buildId=unknown
java.version=1.7.0_45
java.vendor=Oracle Corporation
BootLoader constants: OS=macosx, ARCH=x86_64, WS=cocoa, NL=de_DE
Framework arguments:  -product de.bht.fpa.mail.s123456.main.product
Command-line arguments:  -product de.bht.fpa.mail.s123456.main.product -data /Users/funkjaymatada/Beuth/FPA/fpa-eclipse-macosx-64/eclipse-workspace/../runtime-de.bht.fpa.mail.s123456.main.product -dev file:/Users/funkjaymatada/Beuth/FPA/fpa-eclipse-macosx-64/eclipse-workspace/.metadata/.plugins/org.eclipse.pde.core/de.bht.fpa.mail.s123456.main.product/dev.properties -os macosx -ws cocoa -arch x86_64 -consoleLog

!ENTRY org.eclipse.equinox.app 0 0 2014-01-11 18:44:09.723
!MESSAGE Product de.bht.fpa.mail.s123456.main.product could not be found.

!ENTRY org.eclipse.osgi 2 0 2014-01-11 18:44:09.993
!MESSAGE One or more bundles are not resolved because the following root constraints are not resolved:
!SUBENTRY 1 org.eclipse.osgi 2 0 2014-01-11 18:44:09.994
!MESSAGE Bundle reference:file:/Users/funkjaymatada/Beuth/FPA/fpa-eclipse-macosx-64/eclipse-workspace/.metadata/.plugins/org.eclipse.pde.core/.bundle_pool/plugins/org.mortbay.jetty.util_6.1.23.v201012071420.jar was not resolved.
!SUBENTRY 2 org.mortbay.jetty.util 2 0 2014-01-11 18:44:09.994
!MESSAGE Missing imported package javax.servlet_0.0.0.
!SUBENTRY 2 org.mortbay.jetty.util 2 0 2014-01-11 18:44:09.995
!MESSAGE Missing imported package javax.servlet.http_0.0.0.
!SUBENTRY 1 org.eclipse.osgi 2 0 2014-01-11 18:44:09.995
!MESSAGE Bundle reference:file:/Users/funkjaymatada/Beuth/FPA/fpa-eclipse-macosx-64/eclipse-workspace/.metadata/.plugins/org.eclipse.pde.core/.bundle_pool/plugins/org.mortbay.jetty.server_6.1.23.v201012071420.jar was not resolved.
!SUBENTRY 2 org.mortbay.jetty.server 2 0 2014-01-11 18:44:09.995
!MESSAGE Missing imported package javax.servlet.http_2.5.0.
!SUBENTRY 2 org.mortbay.jetty.server 2 0 2014-01-11 18:44:09.996
!MESSAGE Missing imported package javax.servlet_2.5.0.
!SUBENTRY 1 org.eclipse.osgi 2 0 2014-01-11 18:44:09.996
!MESSAGE Bundle reference:file:/Users/funkjaymatada/Beuth/FPA/fpa-eclipse-macosx-64/eclipse-workspace/.metadata/.plugins/org.eclipse.pde.core/.bundle_pool/plugins/org.eclipse.equinox.http.jetty_2.0.100.v20110502.jar was not resolved.
!SUBENTRY 2 org.eclipse.equinox.http.jetty 2 0 2014-01-11 18:44:09.997
!MESSAGE Missing imported package javax.servlet.http_[2.5.0,2.6.0).
!SUBENTRY 2 org.eclipse.equinox.http.jetty 2 0 2014-01-11 18:44:09.997
!MESSAGE Missing imported package javax.servlet_[2.5.0,2.6.0).
!SUBENTRY 1 org.eclipse.osgi 2 0 2014-01-11 18:44:09.997
!MESSAGE Bundle reference:file:/Users/funkjaymatada/Beuth/FPA/fpa-eclipse-macosx-64/eclipse-workspace/.metadata/.plugins/org.eclipse.pde.core/.bundle_pool/plugins/org.eclipse.equinox.http.servlet_1.1.200.v20110502.jar was not resolved.
!SUBENTRY 2 org.eclipse.equinox.http.servlet 2 0 2014-01-11 18:44:09.998
!MESSAGE Missing imported package javax.servlet.http_2.3.0.
!SUBENTRY 2 org.eclipse.equinox.http.servlet 2 0 2014-01-11 18:44:09.998
!MESSAGE Missing imported package javax.servlet_2.3.0.

!ENTRY org.eclipse.osgi 2 0 2014-01-11 18:44:10.052
!MESSAGE The following is a complete list of bundles which are not resolved, see the prior log entry for the root cause if it exists:
!SUBENTRY 1 org.eclipse.osgi 2 0 2014-01-11 18:44:10.053
!MESSAGE Bundle org.eclipse.equinox.http.jetty_2.0.100.v20110502 [83] was not resolved.
!SUBENTRY 2 org.eclipse.equinox.http.jetty 2 0 2014-01-11 18:44:10.053
!MESSAGE Missing imported package javax.servlet_[2.5.0,2.6.0).
!SUBENTRY 2 org.eclipse.equinox.http.jetty 2 0 2014-01-11 18:44:10.054
!MESSAGE Missing imported package javax.servlet.http_[2.5.0,2.6.0).
!SUBENTRY 2 org.eclipse.equinox.http.jetty 2 0 2014-01-11 18:44:10.054
!MESSAGE Missing imported package org.eclipse.equinox.http.servlet_1.0.0.
!SUBENTRY 2 org.eclipse.equinox.http.jetty 2 0 2014-01-11 18:44:10.055
!MESSAGE Missing imported package org.mortbay.component_[6.1.0,7.0.0).
!SUBENTRY 2 org.eclipse.equinox.http.jetty 2 0 2014-01-11 18:44:10.055
!MESSAGE Missing imported package org.mortbay.jetty_[6.1.0,7.0.0).
!SUBENTRY 2 org.eclipse.equinox.http.jetty 2 0 2014-01-11 18:44:10.055
!MESSAGE Missing imported package org.mortbay.jetty.bio_[6.1.0,7.0.0).
!SUBENTRY 2 org.eclipse.equinox.http.jetty 2 0 2014-01-11 18:44:10.056
!MESSAGE Missing imported package org.mortbay.jetty.handler_[6.1.0,7.0.0).
!SUBENTRY 2 org.eclipse.equinox.http.jetty 2 0 2014-01-11 18:44:10.056
!MESSAGE Missing imported package org.mortbay.jetty.nio_[6.1.0,7.0.0).
!SUBENTRY 2 org.eclipse.equinox.http.jetty 2 0 2014-01-11 18:44:10.056
!MESSAGE Missing imported package org.mortbay.jetty.security_[6.1.0,7.0.0).
!SUBENTRY 2 org.eclipse.equinox.http.jetty 2 0 2014-01-11 18:44:10.057
!MESSAGE Missing imported package org.mortbay.jetty.servlet_[6.1.0,7.0.0).
!SUBENTRY 2 org.eclipse.equinox.http.jetty 2 0 2014-01-11 18:44:10.057
!MESSAGE Missing imported package org.mortbay.log_[6.1.0,7.0.0).
!SUBENTRY 1 org.eclipse.osgi 2 0 2014-01-11 18:44:10.057
!MESSAGE Bundle org.eclipse.equinox.http.servlet_1.1.200.v20110502 [84] was not resolved.
!SUBENTRY 2 org.eclipse.equinox.http.servlet 2 0 2014-01-11 18:44:10.058
!MESSAGE Missing imported package javax.servlet_2.3.0.
!SUBENTRY 2 org.eclipse.equinox.http.servlet 2 0 2014-01-11 18:44:10.058
!MESSAGE Missing imported package javax.servlet.http_2.3.0.
!SUBENTRY 1 org.eclipse.osgi 2 0 2014-01-11 18:44:10.058
!MESSAGE Bundle org.mortbay.jetty.server_6.1.23.v201012071420 [181] was not resolved.
!SUBENTRY 2 org.mortbay.jetty.server 2 0 2014-01-11 18:44:10.059
!MESSAGE Missing imported package javax.servlet_2.5.0.
!SUBENTRY 2 org.mortbay.jetty.server 2 0 2014-01-11 18:44:10.059
!MESSAGE Missing imported package javax.servlet.http_2.5.0.
!SUBENTRY 2 org.mortbay.jetty.server 2 0 2014-01-11 18:44:10.059
!MESSAGE Missing optionally imported package javax.servlet.jsp_0.0.0.
!SUBENTRY 2 org.mortbay.jetty.server 2 0 2014-01-11 18:44:10.060
!MESSAGE Missing optionally imported package javax.servlet.resources_2.5.0.
!SUBENTRY 2 org.mortbay.jetty.server 2 0 2014-01-11 18:44:10.060
!MESSAGE Missing optionally imported package org.apache.jasper.servlet_0.0.0.
!SUBENTRY 2 org.mortbay.jetty.server 2 0 2014-01-11 18:44:10.061
!MESSAGE Missing imported package org.mortbay.component_6.1.0.
!SUBENTRY 2 org.mortbay.jetty.server 2 0 2014-01-11 18:44:10.061
!MESSAGE Missing optionally imported package org.mortbay.jetty.handler.management_0.0.0.
!SUBENTRY 2 org.mortbay.jetty.server 2 0 2014-01-11 18:44:10.061
!MESSAGE Missing imported package org.mortbay.log_6.1.0.
!SUBENTRY 2 org.mortbay.jetty.server 2 0 2014-01-11 18:44:10.062
!MESSAGE Missing imported package org.mortbay.servlet_6.1.0.
!SUBENTRY 2 org.mortbay.jetty.server 2 0 2014-01-11 18:44:10.062
!MESSAGE Missing imported package org.mortbay.thread_6.1.0.
!SUBENTRY 2 org.mortbay.jetty.server 2 0 2014-01-11 18:44:10.062
!MESSAGE Missing imported package org.mortbay.util_6.1.0.
!SUBENTRY 2 org.mortbay.jetty.server 2 0 2014-01-11 18:44:10.063
!MESSAGE Missing imported package org.mortbay.util.ajax_6.1.0.
!SUBENTRY 1 org.eclipse.osgi 2 0 2014-01-11 18:44:10.063
!MESSAGE Bundle org.mortbay.jetty.util_6.1.23.v201012071420 [182] was not resolved.
!SUBENTRY 2 org.mortbay.jetty.util 2 0 2014-01-11 18:44:10.063
!MESSAGE Missing imported package javax.servlet_0.0.0.
!SUBENTRY 2 org.mortbay.jetty.util 2 0 2014-01-11 18:44:10.064
!MESSAGE Missing imported package javax.servlet.http_0.0.0.

!ENTRY org.eclipse.osgi 2 0 2014-01-11 18:44:10.117
!MESSAGE One or more bundles are not resolved because the following root constraints are not resolved:
!SUBENTRY 1 org.eclipse.osgi 2 0 2014-01-11 18:44:10.117
!MESSAGE Bundle reference:file:/Users/funkjaymatada/Beuth/FPA/fpa-eclipse-macosx-64/eclipse-workspace/.metadata/.plugins/org.eclipse.pde.core/.bundle_pool/plugins/org.mortbay.jetty.util_6.1.23.v201012071420.jar was not resolved.
!SUBENTRY 2 org.mortbay.jetty.util 2 0 2014-01-11 18:44:10.118
!MESSAGE Missing imported package javax.servlet_0.0.0.
!SUBENTRY 2 org.mortbay.jetty.util 2 0 2014-01-11 18:44:10.118
!MESSAGE Missing imported package javax.servlet.http_0.0.0.
!SUBENTRY 1 org.eclipse.osgi 2 0 2014-01-11 18:44:10.118
!MESSAGE Bundle reference:file:/Users/funkjaymatada/Beuth/FPA/fpa-eclipse-macosx-64/eclipse-workspace/.metadata/.plugins/org.eclipse.pde.core/.bundle_pool/plugins/org.mortbay.jetty.server_6.1.23.v201012071420.jar was not resolved.
!SUBENTRY 2 org.mortbay.jetty.server 2 0 2014-01-11 18:44:10.118
!MESSAGE Missing imported package javax.servlet.http_2.5.0.
!SUBENTRY 2 org.mortbay.jetty.server 2 0 2014-01-11 18:44:10.118
!MESSAGE Missing imported package javax.servlet_2.5.0.
!SUBENTRY 1 org.eclipse.osgi 2 0 2014-01-11 18:44:10.119
!MESSAGE Bundle reference:file:/Users/funkjaymatada/Beuth/FPA/fpa-eclipse-macosx-64/eclipse-workspace/.metadata/.plugins/org.eclipse.pde.core/.bundle_pool/plugins/org.eclipse.equinox.http.jetty_2.0.100.v20110502.jar was not resolved.
!SUBENTRY 2 org.eclipse.equinox.http.jetty 2 0 2014-01-11 18:44:10.119
!MESSAGE Missing imported package javax.servlet.http_[2.5.0,2.6.0).
!SUBENTRY 2 org.eclipse.equinox.http.jetty 2 0 2014-01-11 18:44:10.119
!MESSAGE Missing imported package javax.servlet_[2.5.0,2.6.0).
!SUBENTRY 1 org.eclipse.osgi 2 0 2014-01-11 18:44:10.119
!MESSAGE Bundle reference:file:/Users/funkjaymatada/Beuth/FPA/fpa-eclipse-macosx-64/eclipse-workspace/.metadata/.plugins/org.eclipse.pde.core/.bundle_pool/plugins/org.eclipse.equinox.http.servlet_1.1.200.v20110502.jar was not resolved.
!SUBENTRY 2 org.eclipse.equinox.http.servlet 2 0 2014-01-11 18:44:10.120
!MESSAGE Missing imported package javax.servlet.http_2.3.0.
!SUBENTRY 2 org.eclipse.equinox.http.servlet 2 0 2014-01-11 18:44:10.120
!MESSAGE Missing imported package javax.servlet_2.3.0.

!ENTRY org.eclipse.osgi 2 0 2014-01-11 18:44:10.136
!MESSAGE The following is a complete list of bundles which are not resolved, see the prior log entry for the root cause if it exists:
!SUBENTRY 1 org.eclipse.osgi 2 0 2014-01-11 18:44:10.137
!MESSAGE Bundle org.eclipse.equinox.http.jetty_2.0.100.v20110502 [83] was not resolved.
!SUBENTRY 2 org.eclipse.equinox.http.jetty 2 0 2014-01-11 18:44:10.137
!MESSAGE Missing imported package javax.servlet_[2.5.0,2.6.0).
!SUBENTRY 2 org.eclipse.equinox.http.jetty 2 0 2014-01-11 18:44:10.137
!MESSAGE Missing imported package javax.servlet.http_[2.5.0,2.6.0).
!SUBENTRY 2 org.eclipse.equinox.http.jetty 2 0 2014-01-11 18:44:10.138
!MESSAGE Missing imported package org.eclipse.equinox.http.servlet_1.0.0.
!SUBENTRY 2 org.eclipse.equinox.http.jetty 2 0 2014-01-11 18:44:10.138
!MESSAGE Missing imported package org.mortbay.component_[6.1.0,7.0.0).
!SUBENTRY 2 org.eclipse.equinox.http.jetty 2 0 2014-01-11 18:44:10.138
!MESSAGE Missing imported package org.mortbay.jetty_[6.1.0,7.0.0).
!SUBENTRY 2 org.eclipse.equinox.http.jetty 2 0 2014-01-11 18:44:10.139
!MESSAGE Missing imported package org.mortbay.jetty.bio_[6.1.0,7.0.0).
!SUBENTRY 2 org.eclipse.equinox.http.jetty 2 0 2014-01-11 18:44:10.139
!MESSAGE Missing imported package org.mortbay.jetty.handler_[6.1.0,7.0.0).
!SUBENTRY 2 org.eclipse.equinox.http.jetty 2 0 2014-01-11 18:44:10.139
!MESSAGE Missing imported package org.mortbay.jetty.nio_[6.1.0,7.0.0).
!SUBENTRY 2 org.eclipse.equinox.http.jetty 2 0 2014-01-11 18:44:10.140
!MESSAGE Missing imported package org.mortbay.jetty.security_[6.1.0,7.0.0).
!SUBENTRY 2 org.eclipse.equinox.http.jetty 2 0 2014-01-11 18:44:10.140
!MESSAGE Missing imported package org.mortbay.jetty.servlet_[6.1.0,7.0.0).
!SUBENTRY 2 org.eclipse.equinox.http.jetty 2 0 2014-01-11 18:44:10.140
!MESSAGE Missing imported package org.mortbay.log_[6.1.0,7.0.0).
!SUBENTRY 1 org.eclipse.osgi 2 0 2014-01-11 18:44:10.141
!MESSAGE Bundle org.eclipse.equinox.http.servlet_1.1.200.v20110502 [84] was not resolved.
!SUBENTRY 2 org.eclipse.equinox.http.servlet 2 0 2014-01-11 18:44:10.141
!MESSAGE Missing imported package javax.servlet_2.3.0.
!SUBENTRY 2 org.eclipse.equinox.http.servlet 2 0 2014-01-11 18:44:10.141
!MESSAGE Missing imported package javax.servlet.http_2.3.0.
!SUBENTRY 1 org.eclipse.osgi 2 0 2014-01-11 18:44:10.142
!MESSAGE Bundle org.mortbay.jetty.server_6.1.23.v201012071420 [181] was not resolved.
!SUBENTRY 2 org.mortbay.jetty.server 2 0 2014-01-11 18:44:10.142
!MESSAGE Missing imported package javax.servlet_2.5.0.
!SUBENTRY 2 org.mortbay.jetty.server 2 0 2014-01-11 18:44:10.142
!MESSAGE Missing imported package javax.servlet.http_2.5.0.
!SUBENTRY 2 org.mortbay.jetty.server 2 0 2014-01-11 18:44:10.143
!MESSAGE Missing optionally imported package javax.servlet.jsp_0.0.0.
!SUBENTRY 2 org.mortbay.jetty.server 2 0 2014-01-11 18:44:10.143
!MESSAGE Missing optionally imported package javax.servlet.resources_2.5.0.
!SUBENTRY 2 org.mortbay.jetty.server 2 0 2014-01-11 18:44:10.143
!MESSAGE Missing optionally imported package org.apache.jasper.servlet_0.0.0.
!SUBENTRY 2 org.mortbay.jetty.server 2 0 2014-01-11 18:44:10.144
!MESSAGE Missing imported package org.mortbay.component_6.1.0.
!SUBENTRY 2 org.mortbay.jetty.server 2 0 2014-01-11 18:44:10.144
!MESSAGE Missing optionally imported package org.mortbay.jetty.handler.management_0.0.0.
!SUBENTRY 2 org.mortbay.jetty.server 2 0 2014-01-11 18:44:10.144
!MESSAGE Missing imported package org.mortbay.log_6.1.0.
!SUBENTRY 2 org.mortbay.jetty.server 2 0 2014-01-11 18:44:10.145
!MESSAGE Missing imported package org.mortbay.servlet_6.1.0.
!SUBENTRY 2 org.mortbay.jetty.server 2 0 2014-01-11 18:44:10.145
!MESSAGE Missing imported package org.mortbay.thread_6.1.0.
!SUBENTRY 2 org.mortbay.jetty.server 2 0 2014-01-11 18:44:10.145
!MESSAGE Missing imported package org.mortbay.util_6.1.0.
!SUBENTRY 2 org.mortbay.jetty.server 2 0 2014-01-11 18:44:10.146
!MESSAGE Missing imported package org.mortbay.util.ajax_6.1.0.
!SUBENTRY 1 org.eclipse.osgi 2 0 2014-01-11 18:44:10.146
!MESSAGE Bundle org.mortbay.jetty.util_6.1.23.v201012071420 [182] was not resolved.
!SUBENTRY 2 org.mortbay.jetty.util 2 0 2014-01-11 18:44:10.146
!MESSAGE Missing imported package javax.servlet_0.0.0.
!SUBENTRY 2 org.mortbay.jetty.util 2 0 2014-01-11 18:44:10.146
!MESSAGE Missing imported package javax.servlet.http_0.0.0.

!ENTRY org.eclipse.osgi 4 0 2014-01-11 18:44:10.147
!MESSAGE Application error
!STACK 1
java.lang.RuntimeException: No application id has been found.
	at org.eclipse.equinox.internal.app.EclipseAppContainer.startDefaultApp(EclipseAppContainer.java:242)
	at org.eclipse.equinox.internal.app.MainApplicationLauncher.run(MainApplicationLauncher.java:29)
	at org.eclipse.core.runtime.internal.adaptor.EclipseAppLauncher.runApplication(EclipseAppLauncher.java:110)
	at org.eclipse.core.runtime.internal.adaptor.EclipseAppLauncher.start(EclipseAppLauncher.java:79)
	at org.eclipse.core.runtime.adaptor.EclipseStarter.run(EclipseStarter.java:344)
	at org.eclipse.core.runtime.adaptor.EclipseStarter.run(EclipseStarter.java:179)
	at sun.reflect.NativeMethodAccessorImpl.invoke0(Native Method)
	at sun.reflect.NativeMethodAccessorImpl.invoke(NativeMethodAccessorImpl.java:57)
	at sun.reflect.DelegatingMethodAccessorImpl.invoke(DelegatingMethodAccessorImpl.java:43)
	at java.lang.reflect.Method.invoke(Method.java:606)
	at org.eclipse.equinox.launcher.Main.invokeFramework(Main.java:622)
	at org.eclipse.equinox.launcher.Main.basicRun(Main.java:577)
	at org.eclipse.equinox.launcher.Main.run(Main.java:1410)
	at org.eclipse.equinox.launcher.Main.main(Main.java:1386)
